TN:
SF:src\router.ts
FN:27,(anonymous_0)
FN:40,(anonymous_1)
FNF:2
FNH:2
FNDA:3,(anonymous_0)
FNDA:5,(anonymous_1)
DA:1,2
DA:2,2
DA:3,2
DA:4,2
DA:6,2
DA:10,2
DA:13,2
DA:21,2
DA:27,3
DA:33,2
DA:40,5
DA:48,2
DA:54,2
DA:62,2
LF:14
LH:14
BRF:0
BRH:0
end_of_record
TN:
SF:src\server.ts
FN:7,connectDB
FN:27,(anonymous_2)
FNF:2
FNH:1
FNDA:0,connectDB
FNDA:1,(anonymous_2)
DA:1,2
DA:2,2
DA:3,2
DA:4,2
DA:7,2
DA:8,0
DA:9,0
DA:10,0
DA:11,0
DA:13,0
DA:14,0
DA:19,2
DA:22,2
DA:25,2
DA:27,2
DA:28,1
DA:31,2
LF:17
LH:11
BRF:0
BRH:0
end_of_record
TN:
SF:src\config\db.ts
FNF:0
FNH:0
DA:1,2
DA:2,2
DA:3,2
DA:5,2
LF:4
LH:4
BRF:0
BRH:0
end_of_record
TN:
SF:src\handlers\product.ts
FN:6,(anonymous_1)
FN:22,(anonymous_2)
FN:44,(anonymous_3)
FN:55,(anonymous_4)
FN:80,(anonymous_5)
FN:104,(anonymous_6)
FNF:6
FNH:6
FNDA:2,(anonymous_1)
FNDA:2,(anonymous_2)
FNDA:1,(anonymous_3)
FNDA:2,(anonymous_4)
FNDA:2,(anonymous_5)
FNDA:2,(anonymous_6)
DA:2,2
DA:6,2
DA:7,2
DA:8,2
DA:14,2
DA:17,0
DA:22,2
DA:23,2
DA:25,2
DA:26,2
DA:29,2
DA:30,1
DA:36,1
DA:39,0
DA:44,2
DA:46,1
DA:47,1
DA:48,1
DA:50,0
DA:55,2
DA:56,2
DA:58,2
DA:59,2
DA:62,2
DA:63,1
DA:69,1
DA:70,1
DA:72,1
DA:75,0
DA:80,2
DA:81,2
DA:83,2
DA:84,2
DA:87,2
DA:88,1
DA:94,1
DA:95,1
DA:96,1
DA:99,0
DA:104,2
DA:105,2
DA:107,2
DA:108,2
DA:111,2
DA:112,1
DA:118,1
DA:119,1
DA:121,0
LF:48
LH:42
BRDA:29,0,0,1
BRDA:62,1,0,1
BRDA:87,2,0,1
BRDA:111,3,0,1
BRF:4
BRH:4
end_of_record
TN:
SF:src\middleware\index.ts
FN:5,(anonymous_0)
FNF:1
FNH:1
FNDA:16,(anonymous_0)
DA:2,2
DA:5,2
DA:6,16
DA:7,16
DA:8,7
DA:11,9
LF:6
LH:6
BRDA:7,0,0,7
BRF:1
BRH:1
end_of_record
TN:
SF:src\models\Product.model.ts
FNF:0
FNH:0
DA:1,2
DA:8,2
DA:13,2
DA:18,2
DA:24,2
DA:27,2
LF:6
LH:6
BRF:0
BRH:0
end_of_record
